# JRE version: OpenJDK Runtime Environment (11.0.8+10) (build 11.0.8+10-b944.6842174)
# Java VM: OpenJDK 64-Bit Server VM (11.0.8+10-b944.6842174, mixed mode, tiered, compressed oops, g1 gc, windows-amd64)
Heap:
 garbage-first heap   total 364544K, used 96584K [0x00000006e0000000, 0x0000000800000000)
  region size 1024K, 34 young (34816K), 9 survivors (9216K)
 Metaspace       used 71550K, capacity 73444K, committed 73596K, reserved 1114112K
  class space    used 9296K, capacity 9923K, committed 9984K, reserved 1048576K
GC Heap History (20 events):
Event: 0.476 GC heap before
{Heap before GC invocations=0 (full 0):
 garbage-first heap   total 251904K, used 27648K [0x00000006e0000000, 0x0000000800000000)
  region size 1024K, 22 young (22528K), 0 survivors (0K)
 Metaspace       used 10078K, capacity 10305K, committed 10368K, reserved 1058816K
  class space    used 1049K, capacity 1099K, committed 1152K, reserved 1048576K
}
Event: 0.480 GC heap after
{Heap after GC invocations=1 (full 0):
 garbage-first heap   total 251904K, used 8476K [0x00000006e0000000, 0x0000000800000000)
  region size 1024K, 3 young (3072K), 3 survivors (3072K)
 Metaspace       used 10078K, capacity 10305K, committed 10368K, reserved 1058816K
  class space    used 1049K, capacity 1099K, committed 1152K, reserved 1048576K
}
Event: 0.665 GC heap before
{Heap before GC invocations=1 (full 0):
 garbage-first heap   total 251904K, used 28956K [0x00000006e0000000, 0x0000000800000000)
  region size 1024K, 23 young (23552K), 3 survivors (3072K)
 Metaspace       used 10910K, capacity 11066K, committed 11264K, reserved 1058816K
  class space    used 1145K, capacity 1203K, committed 1280K, reserved 1048576K
}
Event: 0.668 GC heap after
{Heap after GC invocations=2 (full 0):
 garbage-first heap   total 251904K, used 9076K [0x00000006e0000000, 0x0000000800000000)
  region size 1024K, 1 young (1024K), 1 survivors (1024K)
 Metaspace       used 10910K, capacity 11066K, committed 11264K, reserved 1058816K
  class space    used 1145K, capacity 1203K, committed 1280K, reserved 1048576K
}
Event: 1.650 GC heap before
{Heap before GC invocations=2 (full 0):
 garbage-first heap   total 251904K, used 58228K [0x00000006e0000000, 0x0000000800000000)
  region size 1024K, 50 young (51200K), 1 survivors (1024K)
 Metaspace       used 18202K, capacity 18645K, committed 18816K, reserved 1064960K
  class space    used 2178K, capacity 2305K, committed 2432K, reserved 1048576K
}
Event: 1.653 GC heap after
{Heap after GC invocations=3 (full 0):
 garbage-first heap   total 251904K, used 15402K [0x00000006e0000000, 0x0000000800000000)
  region size 1024K, 7 young (7168K), 7 survivors (7168K)
 Metaspace       used 18202K, capacity 18645K, committed 18816K, reserved 1064960K
  class space    used 2178K, capacity 2305K, committed 2432K, reserved 1048576K
}
Event: 1.805 GC heap before
{Heap before GC invocations=3 (full 0):
 garbage-first heap   total 251904K, used 31786K [0x00000006e0000000, 0x0000000800000000)
  region size 1024K, 24 young (24576K), 7 survivors (7168K)
 Metaspace       used 20575K, capacity 21123K, committed 21296K, reserved 1069056K
  class space    used 2519K, capacity 2688K, committed 2688K, reserved 1048576K
}
Event: 1.809 GC heap after
{Heap after GC invocations=4 (full 0):
 garbage-first heap   total 251904K, used 16287K [0x00000006e0000000, 0x0000000800000000)
  region size 1024K, 1 young (1024K), 1 survivors (1024K)
 Metaspace       used 20575K, capacity 21123K, committed 21296K, reserved 1069056K
  class space    used 2519K, capacity 2688K, committed 2688K, reserved 1048576K
}
Event: 2.480 GC heap before
{Heap before GC invocations=5 (full 0):
 garbage-first heap   total 251904K, used 95135K [0x00000006e0000000, 0x0000000800000000)
  region size 1024K, 70 young (71680K), 1 survivors (1024K)
 Metaspace       used 27572K, capacity 28364K, committed 28464K, reserved 1073152K
  class space    used 3646K, capacity 3912K, committed 3968K, reserved 1048576K
}
Event: 2.485 GC heap after
{Heap after GC invocations=6 (full 0):
 garbage-first heap   total 251904K, used 30320K [0x00000006e0000000, 0x0000000800000000)
  region size 1024K, 6 young (6144K), 6 survivors (6144K)
 Metaspace       used 27572K, capacity 28364K, committed 28464K, reserved 1073152K
  class space    used 3646K, capacity 3912K, committed 3968K, reserved 1048576K
}
Event: 2.915 GC heap before
{Heap before GC invocations=6 (full 0):
 garbage-first heap   total 251904K, used 66160K [0x00000006e0000000, 0x0000000800000000)
  region size 1024K, 43 young (44032K), 6 survivors (6144K)
 Metaspace       used 34894K, capacity 35660K, committed 35708K, reserved 1081344K
  class space    used 4531K, capacity 4831K, committed 4864K, reserved 1048576K
}
Event: 2.923 GC heap after
{Heap after GC invocations=7 (full 0):
 garbage-first heap   total 303104K, used 33444K [0x00000006e0000000, 0x0000000800000000)
  region size 1024K, 9 young (9216K), 9 survivors (9216K)
 Metaspace       used 34894K, capacity 35660K, committed 35708K, reserved 1081344K
  class space    used 4531K, capacity 4831K, committed 4864K, reserved 1048576K
}
Event: 3.969 GC heap before
{Heap before GC invocations=8 (full 0):
 garbage-first heap   total 303104K, used 157348K [0x00000006e0000000, 0x0000000800000000)
  region size 1024K, 120 young (122880K), 9 survivors (9216K)
 Metaspace       used 44718K, capacity 45837K, committed 45948K, reserved 1089536K
  class space    used 5755K, capacity 6126K, committed 6144K, reserved 1048576K
}
Event: 3.980 GC heap after
{Heap after GC invocations=9 (full 0):
 garbage-first heap   total 303104K, used 48947K [0x00000006e0000000, 0x0000000800000000)
  region size 1024K, 12 young (12288K), 12 survivors (12288K)
 Metaspace       used 44718K, capacity 45837K, committed 45948K, reserved 1089536K
  class space    used 5755K, capacity 6126K, committed 6144K, reserved 1048576K
}
Event: 5.294 GC heap before
{Heap before GC invocations=9 (full 0):
 garbage-first heap   total 303104K, used 192307K [0x00000006e0000000, 0x0000000800000000)
  region size 1024K, 150 young (153600K), 12 survivors (12288K)
 Metaspace       used 57999K, capacity 59620K, committed 59900K, reserved 1101824K
  class space    used 7401K, capacity 7944K, committed 8064K, reserved 1048576K
}
Event: 5.306 GC heap after
{Heap after GC invocations=10 (full 0):
 garbage-first heap   total 303104K, used 62848K [0x00000006e0000000, 0x0000000800000000)
  region size 1024K, 19 young (19456K), 19 survivors (19456K)
 Metaspace       used 57999K, capacity 59620K, committed 59900K, reserved 1101824K
  class space    used 7401K, capacity 7944K, committed 8064K, reserved 1048576K
}
Event: 5.321 GC heap before
{Heap before GC invocations=10 (full 0):
 garbage-first heap   total 303104K, used 63872K [0x00000006e0000000, 0x0000000800000000)
  region size 1024K, 21 young (21504K), 19 survivors (19456K)
 Metaspace       used 58132K, capacity 59750K, committed 59900K, reserved 1101824K
  class space    used 7417K, capacity 7944K, committed 8064K, reserved 1048576K
}
Event: 5.334 GC heap after
{Heap after GC invocations=11 (full 0):
 garbage-first heap   total 303104K, used 64543K [0x00000006e0000000, 0x0000000800000000)
  region size 1024K, 12 young (12288K), 12 survivors (12288K)
 Metaspace       used 58132K, capacity 59750K, committed 59900K, reserved 1101824K
  class space    used 7417K, capacity 7944K, committed 8064K, reserved 1048576K
}
Event: 6.528 GC heap before
{Heap before GC invocations=12 (full 0):
 garbage-first heap   total 303104K, used 187423K [0x00000006e0000000, 0x0000000800000000)
  region size 1024K, 132 young (135168K), 12 survivors (12288K)
 Metaspace       used 69714K, capacity 71503K, committed 71804K, reserved 1112064K
  class space    used 9051K, capacity 9645K, committed 9728K, reserved 1048576K
}
Event: 6.545 GC heap after
{Heap after GC invocations=13 (full 0):
 garbage-first heap   total 364544K, used 72008K [0x00000006e0000000, 0x0000000800000000)
  region size 1024K, 9 young (9216K), 9 survivors (9216K)
 Metaspace       used 69714K, capacity 71503K, committed 71804K, reserved 1112064K
  class space    used 9051K, capacity 9645K, committed 9728K, reserved 1048576K
}

